Build started 2/7/2020 2:19:49 PM.
     1>Project "C:\DSA\assignments\assignment1\build\INSTALL.vcxproj" on node 2 (build target(s)).
     1>InitializeBuildStatus:
         Creating "Win32\Release\INSTALL\INSTALL.unsuccessfulbuild" because "AlwaysCreate" was specified.
       PostBuildEvent:
         setlocal
         "C:\Program Files (x86)\CMake\bin\cmake.exe" -DBUILD_TYPE=Release -P cmake_install.cmake
         if %errorlevel% neq 0 goto :cmEnd
         :cmEnd
         endlocal & call :cmErrorLevel %errorlevel% & goto :cmDone
         :cmErrorLevel
         exit /b %1
         :cmDone
         if %errorlevel% neq 0 goto :VCEnd
         :VCEnd
         -- Install configuration: "Release"
         -- Installing: C:/DSA/assignments/assignment1/bin/abremang.exe
       FinalizeBuildStatus:
         Deleting file "Win32\Release\INSTALL\INSTALL.unsuccessfulbuild".
         Touching "Win32\Release\INSTALL\INSTALL.lastbuildstate".
     1>Done Building Project "C:\DSA\assignments\assignment1\build\INSTALL.vcxproj" (build target(s)).

Build succeeded.

Time Elapsed 00:00:00.87
