C:\DSA\ASSIGNMENTS\ASSIGNMENT2\BUILD\RELEASE\ABREMANG.EXE
C:\DSA\ASSIGNMENTS\ASSIGNMENT2\BUILD\SRC\ABREMANG\ABREMANG.DIR\RELEASE\ABREMANG.EXE.INTERMEDIATE.MANIFEST
C:\DSA\ASSIGNMENTS\ASSIGNMENT2\BUILD\SRC\ABREMANG\ABREMANG.DIR\RELEASE\ASSIGNMENT2APPLICATION.OBJ
C:\DSA\ASSIGNMENTS\ASSIGNMENT2\BUILD\SRC\ABREMANG\ABREMANG.DIR\RELEASE\ASSIGNMENT2IMPLEMENTATION.OBJ
C:\DSA\ASSIGNMENTS\ASSIGNMENT2\BUILD\SRC\ABREMANG\CMAKEFILES\GENERATE.STAMP
C:\DSA\ASSIGNMENTS\ASSIGNMENT3\BUILD\RELEASE\ABREMANG.EXE
C:\DSA\ASSIGNMENTS\ASSIGNMENT3\BUILD\SRC\ABREMANG\ABREMANG.DIR\RELEASE\ABREMANG.EXE.INTERMEDIATE.MANIFEST
C:\DSA\assignments\assignment3\build\src\abremang\abremang.dir\Release\abremang.vcxprojResolveAssemblyReference.cache
C:\DSA\assignments\assignment3\build\src\abremang\abremang.dir\Release\abremang.write.1.tlog
C:\DSA\assignments\assignment3\build\src\abremang\abremang.dir\Release\assignment2Application.obj
C:\DSA\assignments\assignment3\build\src\abremang\abremang.dir\Release\assignment2Implementation.obj
C:\DSA\ASSIGNMENTS\ASSIGNMENT3\BUILD\SRC\ABREMANG\ABREMANG.DIR\RELEASE\ASSIGNMENT3APPLICATION.OBJ
C:\DSA\ASSIGNMENTS\ASSIGNMENT3\BUILD\SRC\ABREMANG\ABREMANG.DIR\RELEASE\ASSIGNMENT3IMPLEMENTATION.OBJ
C:\DSA\assignments\assignment3\build\src\abremang\abremang.dir\Release\cl.command.1.tlog
C:\DSA\assignments\assignment3\build\src\abremang\abremang.dir\Release\CL.read.1.tlog
C:\DSA\assignments\assignment3\build\src\abremang\abremang.dir\Release\CL.write.1.tlog
C:\DSA\assignments\assignment3\build\src\abremang\abremang.dir\Release\custombuild.command.1.tlog
C:\DSA\assignments\assignment3\build\src\abremang\abremang.dir\Release\custombuild.read.1.tlog
C:\DSA\assignments\assignment3\build\src\abremang\abremang.dir\Release\custombuild.write.1.tlog
C:\DSA\assignments\assignment3\build\src\abremang\abremang.dir\Release\link.command.1.tlog
C:\DSA\assignments\assignment3\build\src\abremang\abremang.dir\Release\link.read.1.tlog
C:\DSA\assignments\assignment3\build\src\abremang\abremang.dir\Release\link.write.1.tlog
C:\DSA\ASSIGNMENTS\ASSIGNMENT3\BUILD\SRC\ABREMANG\ABREMANG.DIR\RELEASE\LINKEDLISTIMPLEMENTATION.OBJ
C:\DSA\assignments\assignment3\build\src\abremang\abremang.dir\Release\mt.command.1.tlog
C:\DSA\assignments\assignment3\build\src\abremang\abremang.dir\Release\mt.read.1.tlog
C:\DSA\assignments\assignment3\build\src\abremang\abremang.dir\Release\mt.write.1.tlog
C:\DSA\ASSIGNMENTS\ASSIGNMENT3\BUILD\SRC\ABREMANG\CMAKEFILES\GENERATE.STAMP
