Build started 1/13/2020 12:59:32 PM.
     1>Project "C:\DSA\assignments\assignment0\build\src\dvernon\dvernon.vcxproj" on node 2 (rebuild target(s)).
     1>_PrepareForClean:
         Deleting file "dvernon.dir\Release\dvernon.lastbuildstate".
       InitializeBuildStatus:
         Creating "dvernon.dir\Release\dvernon.unsuccessfulbuild" because "AlwaysCreate" was specified.
       CustomBuild:
         Building Custom Rule C:/DSA/assignments/assignment0/src/dvernon/CMakeLists.txt
       ClCompile:
         C:\Program Files (x86)\Microsoft Visual Studio 10.0\VC\bin\CL.exe /c /nologo /W3 /WX- /O2 /Ob2 /Oy- /D WIN32 /D _WINDOWS /D NDEBUG /D _CRT_SECURE_NO_DEPRECATE /D "CMAKE_INTDIR=\"Release\"" /D _MBCS /Gm- /EHsc /MD /GS /fp:precise /Zc:wchar_t /Zc:forScope /GR /Fo"dvernon.dir\Release\\" /Fd"dvernon.dir\Release\vc100.pdb" /Gd /TP /analyze- /errorReport:prompt ..\..\..\src\dvernon\exampleApplication.cpp ..\..\..\src\dvernon\exampleImplementation.cpp
         exampleApplication.cpp
         exampleImplementation.cpp
         Generating Code...
       Link:
         C:\Program Files (x86)\Microsoft Visual Studio 10.0\VC\bin\link.exe /ERRORREPORT:PROMPT /OUT:"C:\DSA\assignments\assignment0\build\Release\dvernon.exe" /INCREMENTAL:NO /NOLOGO kernel32.lib user32.lib gdi32.lib winspool.lib shell32.lib ole32.lib oleaut32.lib uuid.lib comdlg32.lib advapi32.lib /NODEFAULTLIB:"libc;libcmt.lib;libcmtd.lib" /MANIFEST /ManifestFile:"dvernon.dir\Release\dvernon.exe.intermediate.manifest" /MANIFESTUAC:"level='asInvoker' uiAccess='false'" /PDB:"C:/DSA/assignments/assignment0/build/Release/dvernon.pdb" /SUBSYSTEM:CONSOLE /TLBID:1 /DYNAMICBASE /NXCOMPAT /IMPLIB:"C:/DSA/assignments/assignment0/build/Release/dvernon.lib" /MACHINE:X86 dvernon.dir\Release\exampleApplication.obj
         dvernon.dir\Release\exampleImplementation.obj  /machine:X86
         dvernon.vcxproj -> C:\DSA\assignments\assignment0\build\Release\dvernon.exe
       Manifest:
         C:\Program Files (x86)\Microsoft SDKs\Windows\v7.0A\bin\mt.exe /nologo /verbose /outputresource:"C:\DSA\assignments\assignment0\build\Release\dvernon.exe;#1" /manifest dvernon.dir\Release\dvernon.exe.intermediate.manifest
       FinalizeBuildStatus:
         Deleting file "dvernon.dir\Release\dvernon.unsuccessfulbuild".
         Touching "dvernon.dir\Release\dvernon.lastbuildstate".
     1>Done Building Project "C:\DSA\assignments\assignment0\build\src\dvernon\dvernon.vcxproj" (rebuild target(s)).

Build succeeded.

Time Elapsed 00:00:01.32
