C:\DSA\ASSIGNMENTS\ASSIGNMENT4\BUILD\RELEASE\ABREMANG.EXE
C:\DSA\ASSIGNMENTS\ASSIGNMENT4\BUILD\SRC\ABREMANG\ABREMANG.DIR\RELEASE\ABREMANG.EXE.INTERMEDIATE.MANIFEST
C:\DSA\assignments\assignment4\build\src\abremang\abremang.dir\Release\abremang.vcxprojResolveAssemblyReference.cache
C:\DSA\assignments\assignment4\build\src\abremang\abremang.dir\Release\abremang.write.1.tlog
C:\DSA\ASSIGNMENTS\ASSIGNMENT4\BUILD\SRC\ABREMANG\ABREMANG.DIR\RELEASE\ASSIGNMENT4APPLICATION.OBJ
C:\DSA\ASSIGNMENTS\ASSIGNMENT4\BUILD\SRC\ABREMANG\ABREMANG.DIR\RELEASE\ASSIGNMENT4IMPLEMENTATION.OBJ
C:\DSA\ASSIGNMENTS\ASSIGNMENT4\BUILD\SRC\ABREMANG\ABREMANG.DIR\RELEASE\BINARYTREEIMPLEMENTATION.OBJ
C:\DSA\assignments\assignment4\build\src\abremang\abremang.dir\Release\cl.command.1.tlog
C:\DSA\assignments\assignment4\build\src\abremang\abremang.dir\Release\CL.read.1.tlog
C:\DSA\assignments\assignment4\build\src\abremang\abremang.dir\Release\CL.write.1.tlog
C:\DSA\assignments\assignment4\build\src\abremang\abremang.dir\Release\custombuild.command.1.tlog
C:\DSA\assignments\assignment4\build\src\abremang\abremang.dir\Release\custombuild.read.1.tlog
C:\DSA\assignments\assignment4\build\src\abremang\abremang.dir\Release\custombuild.write.1.tlog
C:\DSA\assignments\assignment4\build\src\abremang\abremang.dir\Release\link.command.1.tlog
C:\DSA\assignments\assignment4\build\src\abremang\abremang.dir\Release\link.read.1.tlog
C:\DSA\assignments\assignment4\build\src\abremang\abremang.dir\Release\link.write.1.tlog
C:\DSA\assignments\assignment4\build\src\abremang\abremang.dir\Release\mt.command.1.tlog
C:\DSA\assignments\assignment4\build\src\abremang\abremang.dir\Release\mt.read.1.tlog
C:\DSA\assignments\assignment4\build\src\abremang\abremang.dir\Release\mt.write.1.tlog
C:\DSA\ASSIGNMENTS\ASSIGNMENT4\BUILD\SRC\ABREMANG\CMAKEFILES\GENERATE.STAMP
