C:\DSA\ASSIGNMENTS\ASSIGNMENT1\BUILD\DEBUG\ABREMANG.EXE
C:\DSA\ASSIGNMENTS\ASSIGNMENT1\BUILD\DEBUG\ABREMANG.ILK
C:\DSA\ASSIGNMENTS\ASSIGNMENT1\BUILD\DEBUG\ABREMANG.PDB
C:\DSA\ASSIGNMENTS\ASSIGNMENT1\BUILD\SRC\ABREMANG\ABREMANG.DIR\DEBUG\ABREMANG.EXE.EMBED.MANIFEST
C:\DSA\ASSIGNMENTS\ASSIGNMENT1\BUILD\SRC\ABREMANG\ABREMANG.DIR\DEBUG\ABREMANG.EXE.EMBED.MANIFEST.RES
C:\DSA\ASSIGNMENTS\ASSIGNMENT1\BUILD\SRC\ABREMANG\ABREMANG.DIR\DEBUG\ABREMANG.EXE.INTERMEDIATE.MANIFEST
C:\DSA\assignments\assignment1\build\src\abremang\abremang.dir\Debug\abremang.vcxprojResolveAssemblyReference.cache
C:\DSA\assignments\assignment1\build\src\abremang\abremang.dir\Debug\abremang.write.1.tlog
C:\DSA\assignments\assignment1\build\src\abremang\abremang.dir\Debug\abremang_manifest.rc
C:\DSA\ASSIGNMENTS\ASSIGNMENT1\BUILD\SRC\ABREMANG\ABREMANG.DIR\DEBUG\ASSIGNMENT1APPLICATION.OBJ
C:\DSA\ASSIGNMENTS\ASSIGNMENT1\BUILD\SRC\ABREMANG\ABREMANG.DIR\DEBUG\ASSIGNMENT1IMPLEMENTATION.OBJ
C:\DSA\ASSIGNMENTS\ASSIGNMENT1\BUILD\SRC\ABREMANG\ABREMANG.DIR\DEBUG\ASSIGNMENT1INTERFACE.OBJ
C:\DSA\assignments\assignment1\build\src\abremang\abremang.dir\Debug\cl.command.1.tlog
C:\DSA\assignments\assignment1\build\src\abremang\abremang.dir\Debug\CL.read.1.tlog
C:\DSA\assignments\assignment1\build\src\abremang\abremang.dir\Debug\CL.write.1.tlog
C:\DSA\assignments\assignment1\build\src\abremang\abremang.dir\Debug\custombuild.command.1.tlog
C:\DSA\assignments\assignment1\build\src\abremang\abremang.dir\Debug\custombuild.read.1.tlog
C:\DSA\assignments\assignment1\build\src\abremang\abremang.dir\Debug\custombuild.write.1.tlog
C:\DSA\ASSIGNMENTS\ASSIGNMENT1\BUILD\SRC\ABREMANG\ABREMANG.DIR\DEBUG\EXAMPLEAPPLICATION.OBJ
C:\DSA\ASSIGNMENTS\ASSIGNMENT1\BUILD\SRC\ABREMANG\ABREMANG.DIR\DEBUG\EXAMPLEIMPLEMENTATION.OBJ
C:\DSA\assignments\assignment1\build\src\abremang\abremang.dir\Debug\link.10436.read.1.tlog
C:\DSA\assignments\assignment1\build\src\abremang\abremang.dir\Debug\link.10436.write.1.tlog
C:\DSA\assignments\assignment1\build\src\abremang\abremang.dir\Debug\link.10436-cvtres.read.1.tlog
C:\DSA\assignments\assignment1\build\src\abremang\abremang.dir\Debug\link.10436-cvtres.write.1.tlog
C:\DSA\assignments\assignment1\build\src\abremang\abremang.dir\Debug\link.11780.read.1.tlog
C:\DSA\assignments\assignment1\build\src\abremang\abremang.dir\Debug\link.11780.write.1.tlog
C:\DSA\assignments\assignment1\build\src\abremang\abremang.dir\Debug\link.11780-cvtres.read.1.tlog
C:\DSA\assignments\assignment1\build\src\abremang\abremang.dir\Debug\link.11780-cvtres.write.1.tlog
C:\DSA\assignments\assignment1\build\src\abremang\abremang.dir\Debug\link.4116.read.1.tlog
C:\DSA\assignments\assignment1\build\src\abremang\abremang.dir\Debug\link.4116.write.1.tlog
C:\DSA\assignments\assignment1\build\src\abremang\abremang.dir\Debug\link.4116-cvtres.read.1.tlog
C:\DSA\assignments\assignment1\build\src\abremang\abremang.dir\Debug\link.4116-cvtres.write.1.tlog
C:\DSA\assignments\assignment1\build\src\abremang\abremang.dir\Debug\link.command.1.tlog
C:\DSA\assignments\assignment1\build\src\abremang\abremang.dir\Debug\link.read.1.tlog
C:\DSA\assignments\assignment1\build\src\abremang\abremang.dir\Debug\link.write.1.tlog
C:\DSA\assignments\assignment1\build\src\abremang\abremang.dir\Debug\link-cvtres.read.1.tlog
C:\DSA\assignments\assignment1\build\src\abremang\abremang.dir\Debug\link-cvtres.write.1.tlog
C:\DSA\assignments\assignment1\build\src\abremang\abremang.dir\Debug\mt.command.1.tlog
C:\DSA\assignments\assignment1\build\src\abremang\abremang.dir\Debug\mt.read.1.tlog
C:\DSA\assignments\assignment1\build\src\abremang\abremang.dir\Debug\mt.write.1.tlog
C:\DSA\assignments\assignment1\build\src\abremang\abremang.dir\Debug\rc.command.1.tlog
C:\DSA\assignments\assignment1\build\src\abremang\abremang.dir\Debug\rc.read.1.tlog
C:\DSA\assignments\assignment1\build\src\abremang\abremang.dir\Debug\rc.write.1.tlog
C:\DSA\ASSIGNMENTS\ASSIGNMENT1\BUILD\SRC\ABREMANG\ABREMANG.DIR\DEBUG\VC100.PDB
C:\DSA\ASSIGNMENTS\ASSIGNMENT1\BUILD\SRC\ABREMANG\CMAKEFILES\GENERATE.STAMP
