C:\DSA\ASSIGNMENTS\ASSIGNMENT1\BUILD\RELEASE\ABREMANG.EXE
C:\DSA\ASSIGNMENTS\ASSIGNMENT1\BUILD\SRC\ABREMANG\ABREMANG.DIR\RELEASE\ABREMANG.EXE.INTERMEDIATE.MANIFEST
C:\DSA\ASSIGNMENTS\ASSIGNMENT1\BUILD\SRC\ABREMANG\ABREMANG.DIR\RELEASE\ASSIGNMENT1APPLICATION.OBJ
C:\DSA\ASSIGNMENTS\ASSIGNMENT1\BUILD\SRC\ABREMANG\ABREMANG.DIR\RELEASE\ASSIGNMENT1IMPLEMENTATION.OBJ
C:\DSA\ASSIGNMENTS\ASSIGNMENT1\BUILD\SRC\ABREMANG\ABREMANG.DIR\RELEASE\ASSIGNMENT1INTERFACE.OBJ
C:\DSA\ASSIGNMENTS\ASSIGNMENT1\BUILD\SRC\ABREMANG\ABREMANG.DIR\RELEASE\EXAMPLEAPPLICATION.OBJ
C:\DSA\ASSIGNMENTS\ASSIGNMENT1\BUILD\SRC\ABREMANG\ABREMANG.DIR\RELEASE\EXAMPLEIMPLEMENTATION.OBJ
C:\DSA\ASSIGNMENTS\ASSIGNMENT1\BUILD\SRC\ABREMANG\CMAKEFILES\GENERATE.STAMP
C:\DSA\ASSIGNMENTS\ASSIGNMENT2\BUILD\RELEASE\ABREMANG.EXE
C:\DSA\ASSIGNMENTS\ASSIGNMENT2\BUILD\SRC\ABREMANG\ABREMANG.DIR\RELEASE\ABREMANG.EXE.INTERMEDIATE.MANIFEST
C:\DSA\assignments\assignment2\build\src\abremang\abremang.dir\Release\abremang.vcxprojResolveAssemblyReference.cache
C:\DSA\assignments\assignment2\build\src\abremang\abremang.dir\Release\abremang.write.1.tlog
C:\DSA\assignments\assignment2\build\src\abremang\abremang.dir\Release\assignment1Application.obj
C:\DSA\assignments\assignment2\build\src\abremang\abremang.dir\Release\assignment1Implementation.obj
C:\DSA\assignments\assignment2\build\src\abremang\abremang.dir\Release\assignment1Interface.obj
C:\DSA\ASSIGNMENTS\ASSIGNMENT2\BUILD\SRC\ABREMANG\ABREMANG.DIR\RELEASE\ASSIGNMENT2APPLICATION.OBJ
C:\DSA\ASSIGNMENTS\ASSIGNMENT2\BUILD\SRC\ABREMANG\ABREMANG.DIR\RELEASE\ASSIGNMENT2IMPLEMENTATION.OBJ
C:\DSA\assignments\assignment2\build\src\abremang\abremang.dir\Release\cl.command.1.tlog
C:\DSA\assignments\assignment2\build\src\abremang\abremang.dir\Release\CL.read.1.tlog
C:\DSA\assignments\assignment2\build\src\abremang\abremang.dir\Release\CL.write.1.tlog
C:\DSA\assignments\assignment2\build\src\abremang\abremang.dir\Release\custombuild.command.1.tlog
C:\DSA\assignments\assignment2\build\src\abremang\abremang.dir\Release\custombuild.read.1.tlog
C:\DSA\assignments\assignment2\build\src\abremang\abremang.dir\Release\custombuild.write.1.tlog
C:\DSA\assignments\assignment2\build\src\abremang\abremang.dir\Release\exampleApplication.obj
C:\DSA\assignments\assignment2\build\src\abremang\abremang.dir\Release\exampleImplementation.obj
C:\DSA\assignments\assignment2\build\src\abremang\abremang.dir\Release\link.command.1.tlog
C:\DSA\assignments\assignment2\build\src\abremang\abremang.dir\Release\link.read.1.tlog
C:\DSA\assignments\assignment2\build\src\abremang\abremang.dir\Release\link.write.1.tlog
C:\DSA\assignments\assignment2\build\src\abremang\abremang.dir\Release\mt.command.1.tlog
C:\DSA\assignments\assignment2\build\src\abremang\abremang.dir\Release\mt.read.1.tlog
C:\DSA\assignments\assignment2\build\src\abremang\abremang.dir\Release\mt.write.1.tlog
C:\DSA\ASSIGNMENTS\ASSIGNMENT2\BUILD\SRC\ABREMANG\CMAKEFILES\GENERATE.STAMP
