Build started 1/27/2020 12:34:49 PM.
     1>Project "C:\DSA\assignments\assignment1\build\src\abremang\abremang.vcxproj" on node 2 (rebuild target(s)).
     1>_PrepareForClean:
         Deleting file "abremang.dir\Debug\abremang.lastbuildstate".
       InitializeBuildStatus:
         Touching "abremang.dir\Debug\abremang.unsuccessfulbuild".
       CustomBuild:
         Building Custom Rule C:/DSA/assignments/assignment1/src/abremang/CMakeLists.txt
       ClCompile:
         C:\Program Files (x86)\Microsoft Visual Studio 10.0\VC\bin\CL.exe /c /Zi /nologo /W3 /WX- /Od /Ob0 /Oy- /D WIN32 /D _WINDOWS /D _CRT_SECURE_NO_DEPRECATE /D "CMAKE_INTDIR=\"Debug\"" /D _MBCS /Gm- /EHsc /RTC1 /MDd /GS /fp:precise /Zc:wchar_t /Zc:forScope /GR /Fo"abremang.dir\Debug\\" /Fd"abremang.dir\Debug\vc100.pdb" /Gd /TP /analyze- /errorReport:prompt ..\..\..\src\abremang\assignment1Application.cpp ..\..\..\src\abremang\assignment1Implementation.cpp
         assignment1Application.cpp
     1>..\..\..\src\abremang\assignment1Application.cpp(108): warning C4101: 'message' : unreferenced local variable
         assignment1Implementation.cpp
         Generating Code...
       ManifestResourceCompile:
         C:\Program Files (x86)\Microsoft SDKs\Windows\v7.0A\bin\rc.exe /nologo /fo"abremang.dir\Debug\abremang.exe.embed.manifest.res" abremang.dir\Debug\abremang_manifest.rc 
       Link:
         C:\Program Files (x86)\Microsoft Visual Studio 10.0\VC\bin\link.exe /ERRORREPORT:PROMPT /OUT:"C:\DSA\assignments\assignment1\build\Debug\abremang.exe" /INCREMENTAL /NOLOGO kernel32.lib user32.lib gdi32.lib winspool.lib shell32.lib ole32.lib oleaut32.lib uuid.lib comdlg32.lib advapi32.lib /NODEFAULTLIB:"libc;libcmt.lib;libcmtd.lib" /MANIFEST /ManifestFile:"abremang.dir\Debug\abremang.exe.intermediate.manifest" /MANIFESTUAC:"level='asInvoker' uiAccess='false'" /DEBUG /PDB:"C:/DSA/assignments/assignment1/build/Debug/abremang.pdb" /SUBSYSTEM:CONSOLE /TLBID:1 /DYNAMICBASE /NXCOMPAT /IMPLIB:"C:/DSA/assignments/assignment1/build/Debug/abremang.lib" /MACHINE:X86 abremang.dir\Debug\abremang.exe.embed.manifest.res
         abremang.dir\Debug\assignment1Application.obj
         abremang.dir\Debug\assignment1Implementation.obj  /machine:X86
       Manifest:
         Deleting file "abremang.dir\Debug\abremang.exe.embed.manifest".
         C:\Program Files (x86)\Microsoft SDKs\Windows\v7.0A\bin\mt.exe /nologo /verbose /out:"abremang.dir\Debug\abremang.exe.embed.manifest" /manifest abremang.dir\Debug\abremang.exe.intermediate.manifest
         C:\Program Files (x86)\Microsoft SDKs\Windows\v7.0A\bin\rc.exe /nologo /fo"abremang.dir\Debug\abremang.exe.embed.manifest.res" abremang.dir\Debug\abremang_manifest.rc 
       LinkEmbedManifest:
         C:\Program Files (x86)\Microsoft Visual Studio 10.0\VC\bin\link.exe /ERRORREPORT:PROMPT /OUT:"C:\DSA\assignments\assignment1\build\Debug\abremang.exe" /INCREMENTAL /NOLOGO kernel32.lib user32.lib gdi32.lib winspool.lib shell32.lib ole32.lib oleaut32.lib uuid.lib comdlg32.lib advapi32.lib /NODEFAULTLIB:"libc;libcmt.lib;libcmtd.lib" /MANIFEST /ManifestFile:"abremang.dir\Debug\abremang.exe.intermediate.manifest" /MANIFESTUAC:"level='asInvoker' uiAccess='false'" /DEBUG /PDB:"C:/DSA/assignments/assignment1/build/Debug/abremang.pdb" /SUBSYSTEM:CONSOLE /TLBID:1 /DYNAMICBASE /NXCOMPAT /IMPLIB:"C:/DSA/assignments/assignment1/build/Debug/abremang.lib" /MACHINE:X86 abremang.dir\Debug\abremang.exe.embed.manifest.res
         abremang.dir\Debug\assignment1Application.obj
         abremang.dir\Debug\assignment1Implementation.obj  /machine:X86
         abremang.vcxproj -> C:\DSA\assignments\assignment1\build\Debug\abremang.exe
       FinalizeBuildStatus:
         Deleting file "abremang.dir\Debug\abremang.unsuccessfulbuild".
         Touching "abremang.dir\Debug\abremang.lastbuildstate".
     1>Done Building Project "C:\DSA\assignments\assignment1\build\src\abremang\abremang.vcxproj" (rebuild target(s)).

Build succeeded.

Time Elapsed 00:00:06.93
