Build started 4/28/2020 8:42:48 PM.
     1>Project "C:\DSA\assignments\assignment7\build\src\abremang\abremang.vcxproj" on node 2 (build target(s)).
     1>InitializeBuildStatus:
         Creating "abremang.dir\Debug\abremang.unsuccessfulbuild" because "AlwaysCreate" was specified.
       CustomBuild:
         All outputs are up-to-date.
       ClCompile:
         C:\Program Files (x86)\Microsoft Visual Studio 10.0\VC\bin\CL.exe /c /Zi /nologo /W3 /WX- /Od /Ob0 /Oy- /D WIN32 /D _WINDOWS /D _CRT_SECURE_NO_DEPRECATE /D "CMAKE_INTDIR=\"Debug\"" /D _MBCS /Gm- /EHsc /RTC1 /MDd /GS /fp:precise /Zc:wchar_t /Zc:forScope /GR /Fo"abremang.dir\Debug\\" /Fd"abremang.dir\Debug\vc100.pdb" /Gd /TP /analyze- /errorReport:prompt ..\..\..\src\abremang\travellingSalesmanApplication.cpp ..\..\..\src\abremang\travellingSalesmanImplementation.cpp
         travellingSalesmanApplication.cpp
         travellingSalesmanImplementation.cpp
         Generating Code...
       ManifestResourceCompile:
         All outputs are up-to-date.
       Link:
         C:\Program Files (x86)\Microsoft Visual Studio 10.0\VC\bin\link.exe /ERRORREPORT:PROMPT /OUT:"C:\DSA\assignments\assignment7\build\Debug\abremang.exe" /INCREMENTAL /NOLOGO kernel32.lib user32.lib gdi32.lib winspool.lib shell32.lib ole32.lib oleaut32.lib uuid.lib comdlg32.lib advapi32.lib /NODEFAULTLIB:"libc;libcmt.lib;libcmtd.lib" /MANIFEST /ManifestFile:"abremang.dir\Debug\abremang.exe.intermediate.manifest" /MANIFESTUAC:"level='asInvoker' uiAccess='false'" /DEBUG /PDB:"C:/DSA/assignments/assignment7/build/Debug/abremang.pdb" /SUBSYSTEM:CONSOLE /TLBID:1 /DYNAMICBASE /NXCOMPAT /IMPLIB:"C:/DSA/assignments/assignment7/build/Debug/abremang.lib" /MACHINE:X86 abremang.dir\Debug\abremang.exe.embed.manifest.res
         abremang.dir\Debug\travellingSalesmanApplication.obj
         abremang.dir\Debug\travellingSalesmanImplementation.obj  /machine:X86
       Manifest:
         C:\Program Files (x86)\Microsoft SDKs\Windows\v7.0A\bin\mt.exe /nologo /verbose /out:"abremang.dir\Debug\abremang.exe.embed.manifest" /manifest abremang.dir\Debug\abremang.exe.intermediate.manifest
         All outputs are up-to-date.
       LinkEmbedManifest:
         All outputs are up-to-date.
         abremang.vcxproj -> C:\DSA\assignments\assignment7\build\Debug\abremang.exe
       FinalizeBuildStatus:
         Deleting file "abremang.dir\Debug\abremang.unsuccessfulbuild".
         Touching "abremang.dir\Debug\abremang.lastbuildstate".
     1>Done Building Project "C:\DSA\assignments\assignment7\build\src\abremang\abremang.vcxproj" (build target(s)).

Build succeeded.

Time Elapsed 00:00:06.84
